-------------------------------------------------------------------------------
Test set: com.codenotfound.kafka.SpringKafkaApplicationTest
-------------------------------------------------------------------------------
Tests run: 1, Failures: 0, Errors: 1, Skipped: 0, Time elapsed: 0.469 sec <<< FAILURE! - in com.codenotfound.kafka.SpringKafkaApplicationTest
com.codenotfound.kafka.SpringKafkaApplicationTest  Time elapsed: 0.469 sec  <<< ERROR!
java.lang.NoClassDefFoundError: javax/xml/bind/DatatypeConverter
	at kafka.utils.CoreUtils$.urlSafeBase64EncodeNoPadding(CoreUtils.scala:294)
	at kafka.utils.CoreUtils$.generateUuidAsBase64(CoreUtils.scala:282)
	at kafka.server.KafkaServer$$anonfun$getOrGenerateClusterId$1.apply(KafkaServer.scala:335)
	at kafka.server.KafkaServer$$anonfun$getOrGenerateClusterId$1.apply(KafkaServer.scala:335)
	at scala.Option.getOrElse(Option.scala:121)
	at kafka.server.KafkaServer.getOrGenerateClusterId(KafkaServer.scala:335)
	at kafka.server.KafkaServer.startup(KafkaServer.scala:190)
	at kafka.utils.TestUtils$.createServer(TestUtils.scala:124)
	at kafka.utils.TestUtils.createServer(TestUtils.scala)
	at org.springframework.kafka.test.rule.KafkaEmbedded.before(KafkaEmbedded.java:156)
	at org.junit.rules.ExternalResource$1.evaluate(ExternalResource.java:46)
	at org.junit.rules.RunRules.evaluate(RunRules.java:20)
	at org.junit.runners.ParentRunner.run(ParentRunner.java:363)
	at org.springframework.test.context.junit4.SpringJUnit4ClassRunner.run(SpringJUnit4ClassRunner.java:191)
	at org.apache.maven.surefire.junit4.JUnit4Provider.execute(JUnit4Provider.java:283)
	at org.apache.maven.surefire.junit4.JUnit4Provider.executeWithRerun(JUnit4Provider.java:173)
	at org.apache.maven.surefire.junit4.JUnit4Provider.executeTestSet(JUnit4Provider.java:153)
	at org.apache.maven.surefire.junit4.JUnit4Provider.invoke(JUnit4Provider.java:128)
	at org.apache.maven.surefire.booter.ForkedBooter.invokeProviderInSameClassLoader(ForkedBooter.java:203)
	at org.apache.maven.surefire.booter.ForkedBooter.runSuitesInProcess(ForkedBooter.java:155)
	at org.apache.maven.surefire.booter.ForkedBooter.main(ForkedBooter.java:103)
Caused by: java.lang.ClassNotFoundException: javax.xml.bind.DatatypeConverter
	at java.base/jdk.internal.loader.BuiltinClassLoader.loadClass(BuiltinClassLoader.java:602)
	at java.base/jdk.internal.loader.ClassLoaders$AppClassLoader.loadClass(ClassLoaders.java:178)
	at java.base/java.lang.ClassLoader.loadClass(ClassLoader.java:522)
	at kafka.utils.CoreUtils$.urlSafeBase64EncodeNoPadding(CoreUtils.scala:294)
	at kafka.utils.CoreUtils$.generateUuidAsBase64(CoreUtils.scala:282)
	at kafka.server.KafkaServer$$anonfun$getOrGenerateClusterId$1.apply(KafkaServer.scala:335)
	at kafka.server.KafkaServer$$anonfun$getOrGenerateClusterId$1.apply(KafkaServer.scala:335)
	at scala.Option.getOrElse(Option.scala:121)
	at kafka.server.KafkaServer.getOrGenerateClusterId(KafkaServer.scala:335)
	at kafka.server.KafkaServer.startup(KafkaServer.scala:190)
	at kafka.utils.TestUtils$.createServer(TestUtils.scala:124)
	at kafka.utils.TestUtils.createServer(TestUtils.scala)
	at org.springframework.kafka.test.rule.KafkaEmbedded.before(KafkaEmbedded.java:156)
	at org.junit.rules.ExternalResource$1.evaluate(ExternalResource.java:46)
	at org.junit.rules.RunRules.evaluate(RunRules.java:20)
	at org.junit.runners.ParentRunner.run(ParentRunner.java:363)
	at org.springframework.test.context.junit4.SpringJUnit4ClassRunner.run(SpringJUnit4ClassRunner.java:191)
	at org.apache.maven.surefire.junit4.JUnit4Provider.execute(JUnit4Provider.java:283)
	at org.apache.maven.surefire.junit4.JUnit4Provider.executeWithRerun(JUnit4Provider.java:173)
	at org.apache.maven.surefire.junit4.JUnit4Provider.executeTestSet(JUnit4Provider.java:153)
	at org.apache.maven.surefire.junit4.JUnit4Provider.invoke(JUnit4Provider.java:128)
	at org.apache.maven.surefire.booter.ForkedBooter.invokeProviderInSameClassLoader(ForkedBooter.java:203)
	at org.apache.maven.surefire.booter.ForkedBooter.runSuitesInProcess(ForkedBooter.java:155)
	at org.apache.maven.surefire.booter.ForkedBooter.main(ForkedBooter.java:103)

